c:\users\a_har\desktop\github\opengl-gpp\opengl diorama gpp\opengl diorama gpp\x64\debug\vc143.pdb
c:\users\a_har\desktop\github\opengl-gpp\opengl diorama gpp\opengl diorama gpp\x64\debug\vc143.idb
c:\users\a_har\desktop\github\opengl-gpp\opengl diorama gpp\opengl diorama gpp\x64\debug\soil2.obj
c:\users\a_har\desktop\github\opengl-gpp\opengl diorama gpp\opengl diorama gpp\x64\debug\image_helper.obj
c:\users\a_har\desktop\github\opengl-gpp\opengl diorama gpp\opengl diorama gpp\x64\debug\image_dxt.obj
c:\users\a_har\desktop\github\opengl-gpp\opengl diorama gpp\opengl diorama gpp\x64\debug\etc1_utils.obj
c:\users\a_har\desktop\github\opengl-gpp\opengl diorama gpp\opengl diorama gpp\x64\debug\glad.obj
c:\users\a_har\desktop\github\opengl-gpp\opengl diorama gpp\opengl diorama gpp\x64\debug\water.obj
c:\users\a_har\desktop\github\opengl-gpp\opengl diorama gpp\opengl diorama gpp\x64\debug\vbo.obj
c:\users\a_har\desktop\github\opengl-gpp\opengl diorama gpp\opengl diorama gpp\x64\debug\vao.obj
c:\users\a_har\desktop\github\opengl-gpp\opengl diorama gpp\opengl diorama gpp\x64\debug\texture.obj
c:\users\a_har\desktop\github\opengl-gpp\opengl diorama gpp\opengl diorama gpp\x64\debug\terrain.obj
c:\users\a_har\desktop\github\opengl-gpp\opengl diorama gpp\opengl diorama gpp\x64\debug\skybox.obj
c:\users\a_har\desktop\github\opengl-gpp\opengl diorama gpp\opengl diorama gpp\x64\debug\shaderclass.obj
c:\users\a_har\desktop\github\opengl-gpp\opengl diorama gpp\opengl diorama gpp\x64\debug\mesh.obj
c:\users\a_har\desktop\github\opengl-gpp\opengl diorama gpp\opengl diorama gpp\x64\debug\main.obj
c:\users\a_har\desktop\github\opengl-gpp\opengl diorama gpp\opengl diorama gpp\x64\debug\imgui_widgets.obj
c:\users\a_har\desktop\github\opengl-gpp\opengl diorama gpp\opengl diorama gpp\x64\debug\imgui_tables.obj
c:\users\a_har\desktop\github\opengl-gpp\opengl diorama gpp\opengl diorama gpp\x64\debug\imgui_impl_opengl3.obj
c:\users\a_har\desktop\github\opengl-gpp\opengl diorama gpp\opengl diorama gpp\x64\debug\imgui_impl_glfw.obj
c:\users\a_har\desktop\github\opengl-gpp\opengl diorama gpp\opengl diorama gpp\x64\debug\imgui_draw.obj
c:\users\a_har\desktop\github\opengl-gpp\opengl diorama gpp\opengl diorama gpp\x64\debug\imgui_demo.obj
c:\users\a_har\desktop\github\opengl-gpp\opengl diorama gpp\opengl diorama gpp\x64\debug\imgui.obj
c:\users\a_har\desktop\github\opengl-gpp\opengl diorama gpp\opengl diorama gpp\x64\debug\ebo.obj
c:\users\a_har\desktop\github\opengl-gpp\opengl diorama gpp\opengl diorama gpp\x64\debug\camera.obj
c:\users\a_har\desktop\github\opengl-gpp\opengl diorama gpp\opengl diorama gpp\x64\debug\basicmesh.obj
c:\users\a_har\desktop\github\opengl-gpp\opengl diorama gpp\opengl diorama gpp\x64\debug\scenesettings.obj
c:\users\a_har\desktop\github\opengl-gpp\opengl diorama gpp\x64\debug\opengl diorama gpp.exe
c:\users\a_har\desktop\github\opengl-gpp\opengl diorama gpp\opengl diorama gpp\x64\debug\opengl diorama gpp.ilk
c:\users\a_har\desktop\github\opengl-gpp\opengl diorama gpp\x64\debug\opengl diorama gpp.pdb
c:\users\a_har\desktop\github\opengl-gpp\opengl diorama gpp\opengl diorama gpp\x64\debug\opengl d.ab0fb894.tlog\cl.command.1.tlog
c:\users\a_har\desktop\github\opengl-gpp\opengl diorama gpp\opengl diorama gpp\x64\debug\opengl d.ab0fb894.tlog\cl.read.1.tlog
c:\users\a_har\desktop\github\opengl-gpp\opengl diorama gpp\opengl diorama gpp\x64\debug\opengl d.ab0fb894.tlog\cl.write.1.tlog
c:\users\a_har\desktop\github\opengl-gpp\opengl diorama gpp\opengl diorama gpp\x64\debug\opengl d.ab0fb894.tlog\link.command.1.tlog
c:\users\a_har\desktop\github\opengl-gpp\opengl diorama gpp\opengl diorama gpp\x64\debug\opengl d.ab0fb894.tlog\link.read.1.tlog
c:\users\a_har\desktop\github\opengl-gpp\opengl diorama gpp\opengl diorama gpp\x64\debug\opengl d.ab0fb894.tlog\link.write.1.tlog
