  glad.c
  etc1_utils.c
  image_DXT.c
  image_helper.c
  SOIL2.c
C:\Users\a_har\Desktop\Github\OpenGL-FYP\OpenGL\SOIL2\stb_image_write.h(147,1): warning C4005: '_CRT_SECURE_NO_WARNINGS': macro redefinition
C:\Users\a_har\Desktop\Github\OpenGL-FYP\OpenGL\SOIL2\stb_image_write.h(147,1): message : '_CRT_SECURE_NO_WARNINGS' previously declared on the command line
  Generating Code...
  BasicMesh.cpp
C:\Users\a_har\Desktop\Github\OpenGL-FYP\OpenGL Diorama GPP\BasicMesh.cpp(54,74): warning C4267: 'argument': conversion from 'size_t' to 'GLsizei', possible loss of data
  Camera.cpp
  EBO.cpp
  imgui.cpp
  imgui_demo.cpp
  imgui_draw.cpp
  imgui_impl_glfw.cpp
  imgui_impl_opengl3.cpp
  imgui_tables.cpp
  imgui_widgets.cpp
  main.cpp
  SceneRenderer.cpp
  SceneSettings.cpp
  shaderClass.cpp
  Skybox.cpp
  Terrain.cpp
  Texture.cpp
  VAO.cpp
C:\Users\a_har\Desktop\Github\OpenGL-FYP\OpenGL Diorama GPP\VAO.cpp(15,63): warning C4244: 'argument': conversion from 'GLsizeiptr' to 'GLsizei', possible loss of data
  VBO.cpp
  Water.cpp
  Generating Code...
  LINK : C:\Users\a_har\Desktop\Github\OpenGL-FYP\x64\Debug\OpenGL Diorama GPP.exe not found or not built by the last incremental link; performing full link
LINK : warning LNK4098: defaultlib 'MSVCRT' conflicts with use of other libs; use /NODEFAULTLIB:library
  OpenGL Diorama GPP.vcxproj -> C:\Users\a_har\Desktop\Github\OpenGL-FYP\x64\Debug\OpenGL Diorama GPP.exe
